-- Found ament_cmake: 1.1.6 (/opt/ros/galactic/share/ament_cmake/cmake)
[33mCMake Warning (dev) at /opt/ros/galactic/share/ament_cmake_core/cmake/core/python.cmake:22 (find_package):
  Policy CMP0148 is not set: The FindPythonInterp and FindPythonLibs modules
  are removed.  Run "cmake --help-policy CMP0148" for policy details.  Use
  the cmake_policy command to set the policy and suppress this warning.

Call Stack (most recent call first):
  /opt/ros/galactic/share/ament_cmake_core/cmake/core/all.cmake:53 (include)
  /opt/ros/galactic/share/ament_cmake_core/cmake/ament_cmake_core-extras.cmake:17 (include)
  /opt/ros/galactic/share/ament_cmake_core/cmake/ament_cmake_coreConfig.cmake:41 (include)
  /opt/ros/galactic/share/ament_cmake/cmake/ament_cmake_export_dependencies-extras.cmake:15 (find_package)
  /opt/ros/galactic/share/ament_cmake/cmake/ament_cmakeConfig.cmake:41 (include)
  CMakeLists.txt:4 (find_package)
This warning is for project developers.  Use -Wno-dev to suppress it.
[0m
-- Using PYTHON_EXECUTABLE: /usr/bin/python3
-- Found rclcpp: 9.2.2 (/opt/ros/galactic/share/rclcpp/cmake)
-- Using single rosidl_typesupport_c: rosidl_typesupport_introspection_c
-- Found rosidl_adapter: 2.2.3 (/opt/ros/galactic/share/rosidl_adapter/cmake)
-- Using single rosidl_typesupport_cpp: rosidl_typesupport_introspection_cpp
-- Found rmw_implementation_cmake: 3.3.1 (/opt/ros/galactic/share/rmw_implementation_cmake/cmake)
-- Found rmw_cyclonedds_cpp: 0.22.6 (/opt/ros/galactic/share/rmw_cyclonedds_cpp/cmake)
-- Using RMW implementation 'rmw_cyclonedds_cpp' as default
-- Found px4_msgs: 2.0.1 (/home/odroid/ros2_thrust_ws/install/px4_msgs/share/px4_msgs/cmake)
-- Found tf2: 0.17.5 (/opt/ros/galactic/share/tf2/cmake)
-- Found tf2_geometry_msgs: 0.17.5 (/opt/ros/galactic/share/tf2_geometry_msgs/cmake)
-- Found eigen3_cmake_module: 0.1.1 (/opt/ros/galactic/share/eigen3_cmake_module/cmake)
-- Found dynamixel_sdk: 3.8.1 (/home/odroid/ros2_thrust_ws/install/dynamixel_sdk/share/dynamixel_sdk/cmake)
-- Configuring done (5.6s)
-- Generating done (0.1s)
-- Build files have been written to: /home/odroid/ros2_thrust_ws/build/drone_dynamixel_bridge
[ 33%] [32mBuilding CXX object CMakeFiles/motor_stepup.dir/src/motor_stepup.cpp.o[0m
[ 33%] [32mBuilding CXX object CMakeFiles/motor_power_50_node.dir/src/motor_power_50_node.cpp.o[0m
[ 66%] Built target drone_dynamixel_bridge
[01m[K/home/odroid/ros2_thrust_ws/src/drone_dynamixel_bridge/src/motor_power_50_node.cpp:11:10:[m[K [01;31m[Kfatal error: [m[Kpx4_msgs/msg/actuator_controls.hpp: No such file or directory
   11 | #include [01;31m[K<px4_msgs/msg/actuator_controls.hpp>[m[K
      |          [01;31m[K^~~~~~~~~~~~~~~~~~~~~~~~~~~~~~~~~~~~[m[K
compilation terminated.
make[2]: *** [CMakeFiles/motor_power_50_node.dir/build.make:76: CMakeFiles/motor_power_50_node.dir/src/motor_power_50_node.cpp.o] Error 1
make[1]: *** [CMakeFiles/Makefile2:167: CMakeFiles/motor_power_50_node.dir/all] Error 2
make[1]: *** Waiting for unfinished jobs....
[01m[K/home/odroid/ros2_thrust_ws/src/drone_dynamixel_bridge/src/motor_stepup.cpp:[m[K In member function â€˜[01m[Kvoid MotorTestStepUp::publish_command()[m[Kâ€™:
[01m[K/home/odroid/ros2_thrust_ws/src/drone_dynamixel_bridge/src/motor_stepup.cpp:33:17:[m[K [01;31m[Kerror: [m[Kâ€˜[01m[Kusing _control_type = struct std::array<float, 12>[m[Kâ€™ {aka â€˜[01m[Kstruct std::array<float, 12>[m[Kâ€™} has no member named â€˜[01m[Kresize[m[Kâ€™; did you mean â€˜[01m[Ksize[m[Kâ€™?
   33 |     msg.control.[01;31m[Kresize[m[K(num_channels_, 0.0f);
      |                 [01;31m[K^~~~~~[m[K
      |                 [32m[Ksize[m[K
make[2]: *** [CMakeFiles/motor_stepup.dir/build.make:76: CMakeFiles/motor_stepup.dir/src/motor_stepup.cpp.o] Error 1
make[1]: *** [CMakeFiles/Makefile2:193: CMakeFiles/motor_stepup.dir/all] Error 2
make: *** [Makefile:146: all] Error 2
